<?xml version="1.0" encoding="UTF-8" ?>
<testsuites>
  <testsuite errors="0" failures="0" hostname="hp-laptop" id="0" name="ArgumentTest" package="nfo.data" tests="3" time="0.044" timestamp="2013-10-19T16:32:12">
      <properties>
[...]
</properties>

      <testcase classname="nfo.data.ArgumentTest" name="testIsAValidAlias" time="0.001" />

      <testcase classname="nfo.data.ArgumentTest" name="testGetID" time="0.0" />

      <testcase classname="nfo.data.ArgumentTest" name="testGetNumberOption" time="0.0" />

      <system-out />

      <system-err />

  </testsuite>
  <testsuite errors="0" failures="0" hostname="hp-laptop" id="1" name="ParserTest" package="nfo.data" tests="4" time="0.044" timestamp="2013-10-19T16:32:13">
      <properties>
[...]
</properties>

      <testcase classname="nfo.data.ParserTest" name="testComplexCommand" time="0.002" />

      <testcase classname="nfo.data.ParserTest" name="testGetArgument" time="0.001" />

      <testcase classname="nfo.data.ParserTest" name="testOneArgumentCommand" time="0.0" />

      <testcase classname="nfo.data.ParserTest" name="testTwoArgumentCommand" time="0.002" />

      <system-out />

      <system-err />

  </testsuite>
  <testsuite errors="0" failures="0" hostname="hp-laptop" id="2" name="ProfileCreatorTest" package="nfo.data" tests="4" time="0.044" timestamp="2013-10-19T16:32:13">
      <properties>
[...]
</properties>

      <testcase classname="nfo.data.ProfileCreatorTest" name="testTrimLongLine" time="0.001" />

      <testcase classname="nfo.data.ProfileCreatorTest" name="testDeterminelongestLine" time="0.001" />

      <testcase classname="nfo.data.ProfileCreatorTest" name="testAppendSpaces" time="0.0" />

      <testcase classname="nfo.data.ProfileCreatorTest" name="testAppendLines" time="0.002" />

      <system-out />

      <system-err />

  </testsuite>
</testsuites>
